Writing PID to tmp/pids/thin.5000.pid
Using rack adapter
Exiting!
/usr/lib64/ruby/2.1.0/rubygems/specification.rb:2064:in `raise_if_conflicts': Unable to activate dashing-1.3.7, because thin-1.7.0 conflicts with thin (~> 1.6.1) (Gem::LoadError)
	from /usr/lib64/ruby/2.1.0/rubygems/specification.rb:1262:in `activate'
	from /usr/lib64/ruby/2.1.0/rubygems.rb:196:in `rescue in try_activate'
	from /usr/lib64/ruby/2.1.0/rubygems.rb:193:in `try_activate'
	from /usr/lib64/ruby/2.1.0/rubygems/core_ext/kernel_require.rb:132:in `rescue in require'
	from /usr/lib64/ruby/2.1.0/rubygems/core_ext/kernel_require.rb:144:in `require'
	from /root/dash/dash/config.ru:1:in `block in <main>'
	from /usr/lib64/ruby/gems/2.1.0/gems/rack-1.5.5/lib/rack/builder.rb:55:in `instance_eval'
	from /usr/lib64/ruby/gems/2.1.0/gems/rack-1.5.5/lib/rack/builder.rb:55:in `initialize'
	from /root/dash/dash/config.ru:1:in `new'
	from /root/dash/dash/config.ru:1:in `<main>'
	from /usr/lib64/ruby/gems/2.1.0/gems/thin-1.7.0/lib/rack/adapter/loader.rb:33:in `eval'
	from /usr/lib64/ruby/gems/2.1.0/gems/thin-1.7.0/lib/rack/adapter/loader.rb:33:in `load'
	from /usr/lib64/ruby/gems/2.1.0/gems/thin-1.7.0/lib/rack/adapter/loader.rb:42:in `for'
	from /usr/lib64/ruby/gems/2.1.0/gems/thin-1.7.0/lib/thin/controllers/controller.rb:170:in `load_adapter'
	from /usr/lib64/ruby/gems/2.1.0/gems/thin-1.7.0/lib/thin/controllers/controller.rb:74:in `start'
	from /usr/lib64/ruby/gems/2.1.0/gems/thin-1.7.0/lib/thin/runner.rb:200:in `run_command'
	from /usr/lib64/ruby/gems/2.1.0/gems/thin-1.7.0/lib/thin/runner.rb:156:in `run!'
	from /usr/lib64/ruby/gems/2.1.0/gems/thin-1.7.0/bin/thin:6:in `<top (required)>'
	from /usr/bin/thin:23:in `load'
	from /usr/bin/thin:23:in `<main>'
Writing PID to tmp/pids/thin.5000.pid
Using rack adapter
Exiting!
/usr/lib64/ruby/2.1.0/rubygems/specification.rb:2064:in `raise_if_conflicts': Unable to activate dashing-1.3.7, because thin-1.7.0 conflicts with thin (~> 1.6.1) (Gem::LoadError)
	from /usr/lib64/ruby/2.1.0/rubygems/specification.rb:1262:in `activate'
	from /usr/lib64/ruby/2.1.0/rubygems.rb:196:in `rescue in try_activate'
	from /usr/lib64/ruby/2.1.0/rubygems.rb:193:in `try_activate'
	from /usr/lib64/ruby/2.1.0/rubygems/core_ext/kernel_require.rb:132:in `rescue in require'
	from /usr/lib64/ruby/2.1.0/rubygems/core_ext/kernel_require.rb:144:in `require'
	from /root/dash/dash/config.ru:1:in `block in <main>'
	from /usr/lib64/ruby/gems/2.1.0/gems/rack-1.5.5/lib/rack/builder.rb:55:in `instance_eval'
	from /usr/lib64/ruby/gems/2.1.0/gems/rack-1.5.5/lib/rack/builder.rb:55:in `initialize'
	from /root/dash/dash/config.ru:1:in `new'
	from /root/dash/dash/config.ru:1:in `<main>'
	from /usr/lib64/ruby/gems/2.1.0/gems/thin-1.7.0/lib/rack/adapter/loader.rb:33:in `eval'
	from /usr/lib64/ruby/gems/2.1.0/gems/thin-1.7.0/lib/rack/adapter/loader.rb:33:in `load'
	from /usr/lib64/ruby/gems/2.1.0/gems/thin-1.7.0/lib/rack/adapter/loader.rb:42:in `for'
	from /usr/lib64/ruby/gems/2.1.0/gems/thin-1.7.0/lib/thin/controllers/controller.rb:170:in `load_adapter'
	from /usr/lib64/ruby/gems/2.1.0/gems/thin-1.7.0/lib/thin/controllers/controller.rb:74:in `start'
	from /usr/lib64/ruby/gems/2.1.0/gems/thin-1.7.0/lib/thin/runner.rb:200:in `run_command'
	from /usr/lib64/ruby/gems/2.1.0/gems/thin-1.7.0/lib/thin/runner.rb:156:in `run!'
	from /usr/lib64/ruby/gems/2.1.0/gems/thin-1.7.0/bin/thin:6:in `<top (required)>'
	from /usr/bin/thin:23:in `load'
	from /usr/bin/thin:23:in `<main>'
